mode: set
github.com/gunjan5/go-test-driven-development/00_UnitTests/LinkedList/LinkedList.go:18.38,20.40 2 1
github.com/gunjan5/go-test-driven-development/00_UnitTests/LinkedList/LinkedList.go:24.2,26.10 2 1
github.com/gunjan5/go-test-driven-development/00_UnitTests/LinkedList/LinkedList.go:20.40,22.3 1 1
github.com/gunjan5/go-test-driven-development/00_UnitTests/LinkedList/LinkedList.go:30.45,34.39 2 1
github.com/gunjan5/go-test-driven-development/00_UnitTests/LinkedList/LinkedList.go:43.2,45.10 2 1
github.com/gunjan5/go-test-driven-development/00_UnitTests/LinkedList/LinkedList.go:34.39,37.3 2 1
github.com/gunjan5/go-test-driven-development/00_UnitTests/LinkedList/LinkedList.go:37.3,41.3 3 1
github.com/gunjan5/go-test-driven-development/00_UnitTests/LinkedList/LinkedList.go:49.44,52.39 2 1
github.com/gunjan5/go-test-driven-development/00_UnitTests/LinkedList/LinkedList.go:60.2,61.10 2 1
github.com/gunjan5/go-test-driven-development/00_UnitTests/LinkedList/LinkedList.go:52.39,55.3 2 1
github.com/gunjan5/go-test-driven-development/00_UnitTests/LinkedList/LinkedList.go:55.3,59.3 3 1
github.com/gunjan5/go-test-driven-development/00_UnitTests/LinkedList/LinkedList.go:65.57,68.17 2 1
github.com/gunjan5/go-test-driven-development/00_UnitTests/LinkedList/LinkedList.go:79.2,79.10 1 1
github.com/gunjan5/go-test-driven-development/00_UnitTests/LinkedList/LinkedList.go:68.17,70.3 1 1
github.com/gunjan5/go-test-driven-development/00_UnitTests/LinkedList/LinkedList.go:70.3,77.3 5 1
github.com/gunjan5/go-test-driven-development/00_UnitTests/LinkedList/LinkedList.go:83.56,86.17 2 1
github.com/gunjan5/go-test-driven-development/00_UnitTests/LinkedList/LinkedList.go:97.2,97.10 1 1
github.com/gunjan5/go-test-driven-development/00_UnitTests/LinkedList/LinkedList.go:86.17,88.3 1 1
github.com/gunjan5/go-test-driven-development/00_UnitTests/LinkedList/LinkedList.go:88.3,95.3 5 1
github.com/gunjan5/go-test-driven-development/00_UnitTests/LinkedList/LinkedList.go:101.41,103.40 1 1
github.com/gunjan5/go-test-driven-development/00_UnitTests/LinkedList/LinkedList.go:109.2,109.14 1 1
github.com/gunjan5/go-test-driven-development/00_UnitTests/LinkedList/LinkedList.go:103.40,104.19 1 1
github.com/gunjan5/go-test-driven-development/00_UnitTests/LinkedList/LinkedList.go:104.19,106.4 1 1
github.com/gunjan5/go-test-driven-development/00_UnitTests/LinkedList/LinkedList.go:113.41,114.40 1 1
github.com/gunjan5/go-test-driven-development/00_UnitTests/LinkedList/LinkedList.go:114.40,115.19 1 1
github.com/gunjan5/go-test-driven-development/00_UnitTests/LinkedList/LinkedList.go:115.19,120.9 4 1
github.com/gunjan5/go-test-driven-development/00_UnitTests/LinkedList/LinkedList.go:126.45,128.37 2 1
github.com/gunjan5/go-test-driven-development/00_UnitTests/LinkedList/LinkedList.go:141.2,141.11 1 1
github.com/gunjan5/go-test-driven-development/00_UnitTests/LinkedList/LinkedList.go:128.37,131.3 2 1
github.com/gunjan5/go-test-driven-development/00_UnitTests/LinkedList/LinkedList.go:131.3,131.24 1 1
github.com/gunjan5/go-test-driven-development/00_UnitTests/LinkedList/LinkedList.go:131.24,134.3 2 1
github.com/gunjan5/go-test-driven-development/00_UnitTests/LinkedList/LinkedList.go:134.3,134.24 1 1
github.com/gunjan5/go-test-driven-development/00_UnitTests/LinkedList/LinkedList.go:134.24,137.3 2 1
github.com/gunjan5/go-test-driven-development/00_UnitTests/LinkedList/LinkedList.go:137.3,140.3 2 1
github.com/gunjan5/go-test-driven-development/00_UnitTests/LinkedList/LinkedList.go:145.33,147.2 1 1
